[0.006s] Invoking command in '/home/owl/ros2/ros2_assign_1/simple-hello-world-node-Kr1shnaS/build/ros2_hello_world': CMAKE_PREFIX_PATH=${CMAKE_PREFIX_PATH}:/opt/ros/jazzy DEBUGINFOD_URLS=https://debuginfod.ubuntu.com /usr/bin/cmake --build /home/owl/ros2/ros2_assign_1/simple-hello-world-node-Kr1shnaS/build/ros2_hello_world -- -j12 -l12
[0.023s] -- Found ament_cmake: 2.5.4 (/opt/ros/jazzy/share/ament_cmake/cmake)
[0.151s] -- Found rclcpp: 28.1.13 (/opt/ros/jazzy/share/rclcpp/cmake)
[0.166s] -- Found rosidl_generator_c: 4.6.6 (/opt/ros/jazzy/share/rosidl_generator_c/cmake)
[0.171s] -- Found rosidl_generator_cpp: 4.6.6 (/opt/ros/jazzy/share/rosidl_generator_cpp/cmake)
[0.178s] -- Using all available rosidl_typesupport_c: rosidl_typesupport_fastrtps_c;rosidl_typesupport_introspection_c
[0.185s] -- Using all available rosidl_typesupport_cpp: rosidl_typesupport_fastrtps_cpp;rosidl_typesupport_introspection_cpp
[0.223s] -- Found rmw_implementation_cmake: 7.3.2 (/opt/ros/jazzy/share/rmw_implementation_cmake/cmake)
[0.223s] -- Found rmw_fastrtps_cpp: 8.4.3 (/opt/ros/jazzy/share/rmw_fastrtps_cpp/cmake)
[0.261s] -- Using RMW implementation 'rmw_fastrtps_cpp' as default
[0.299s] -- Found ament_lint_auto: 0.17.3 (/opt/ros/jazzy/share/ament_lint_auto/cmake)
[0.354s] -- Added test 'copyright' to check source files copyright and LICENSE
[0.359s] -- Added test 'cppcheck' to perform static code analysis on C / C++ code
[0.359s] -- Configured cppcheck include dirs: 
[0.359s] -- Configured cppcheck exclude dirs and/or files: 
[0.363s] -- Added test 'cpplint' to check C / C++ code against the Google style
[0.363s] -- Configured cpplint exclude dirs and/or files: 
[0.364s] -- Added test 'flake8' to check Python code syntax and style conventions
[0.364s] -- Configured 'flake8' exclude dirs and/or files: 
[0.365s] -- Added test 'lint_cmake' to check CMake code style
[0.366s] -- Added test 'pep257' to check Python code against some of the docstring style conventions in PEP 257
[0.371s] -- Added test 'uncrustify' to check C / C++ code style
[0.371s] -- Configured uncrustify additional arguments: 
[0.371s] -- Added test 'xmllint' to check XML markup files
[0.372s] -- Configuring done (0.4s)
[0.377s] -- Generating done (0.0s)
[0.379s] -- Build files have been written to: /home/owl/ros2/ros2_assign_1/simple-hello-world-node-Kr1shnaS/build/ros2_hello_world
[0.408s] [100%] Built target hello_node
[0.416s] Invoked command in '/home/owl/ros2/ros2_assign_1/simple-hello-world-node-Kr1shnaS/build/ros2_hello_world' returned '0': CMAKE_PREFIX_PATH=${CMAKE_PREFIX_PATH}:/opt/ros/jazzy DEBUGINFOD_URLS=https://debuginfod.ubuntu.com /usr/bin/cmake --build /home/owl/ros2/ros2_assign_1/simple-hello-world-node-Kr1shnaS/build/ros2_hello_world -- -j12 -l12
[0.422s] Invoking command in '/home/owl/ros2/ros2_assign_1/simple-hello-world-node-Kr1shnaS/build/ros2_hello_world': CMAKE_PREFIX_PATH=${CMAKE_PREFIX_PATH}:/opt/ros/jazzy DEBUGINFOD_URLS=https://debuginfod.ubuntu.com /usr/bin/cmake --install /home/owl/ros2/ros2_assign_1/simple-hello-world-node-Kr1shnaS/build/ros2_hello_world
[0.428s] -- Install configuration: ""
[0.428s] -- Up-to-date: /home/owl/ros2/ros2_assign_1/simple-hello-world-node-Kr1shnaS/install/ros2_hello_world/lib/ros2_hello_world/hello_node
[0.428s] -- Installing: /home/owl/ros2/ros2_assign_1/simple-hello-world-node-Kr1shnaS/install/ros2_hello_world/share/ament_index/resource_index/package_run_dependencies/ros2_hello_world
[0.428s] -- Installing: /home/owl/ros2/ros2_assign_1/simple-hello-world-node-Kr1shnaS/install/ros2_hello_world/share/ament_index/resource_index/parent_prefix_path/ros2_hello_world
[0.428s] -- Up-to-date: /home/owl/ros2/ros2_assign_1/simple-hello-world-node-Kr1shnaS/install/ros2_hello_world/share/ros2_hello_world/environment/ament_prefix_path.sh
[0.428s] -- Up-to-date: /home/owl/ros2/ros2_assign_1/simple-hello-world-node-Kr1shnaS/install/ros2_hello_world/share/ros2_hello_world/environment/ament_prefix_path.dsv
[0.428s] -- Up-to-date: /home/owl/ros2/ros2_assign_1/simple-hello-world-node-Kr1shnaS/install/ros2_hello_world/share/ros2_hello_world/environment/path.sh
[0.428s] -- Up-to-date: /home/owl/ros2/ros2_assign_1/simple-hello-world-node-Kr1shnaS/install/ros2_hello_world/share/ros2_hello_world/environment/path.dsv
[0.428s] -- Up-to-date: /home/owl/ros2/ros2_assign_1/simple-hello-world-node-Kr1shnaS/install/ros2_hello_world/share/ros2_hello_world/local_setup.bash
[0.428s] -- Up-to-date: /home/owl/ros2/ros2_assign_1/simple-hello-world-node-Kr1shnaS/install/ros2_hello_world/share/ros2_hello_world/local_setup.sh
[0.428s] -- Up-to-date: /home/owl/ros2/ros2_assign_1/simple-hello-world-node-Kr1shnaS/install/ros2_hello_world/share/ros2_hello_world/local_setup.zsh
[0.428s] -- Up-to-date: /home/owl/ros2/ros2_assign_1/simple-hello-world-node-Kr1shnaS/install/ros2_hello_world/share/ros2_hello_world/local_setup.dsv
[0.428s] -- Installing: /home/owl/ros2/ros2_assign_1/simple-hello-world-node-Kr1shnaS/install/ros2_hello_world/share/ros2_hello_world/package.dsv
[0.428s] -- Up-to-date: /home/owl/ros2/ros2_assign_1/simple-hello-world-node-Kr1shnaS/install/ros2_hello_world/share/ament_index/resource_index/packages/ros2_hello_world
[0.428s] -- Up-to-date: /home/owl/ros2/ros2_assign_1/simple-hello-world-node-Kr1shnaS/install/ros2_hello_world/share/ros2_hello_world/cmake/ros2_hello_worldConfig.cmake
[0.428s] -- Up-to-date: /home/owl/ros2/ros2_assign_1/simple-hello-world-node-Kr1shnaS/install/ros2_hello_world/share/ros2_hello_world/cmake/ros2_hello_worldConfig-version.cmake
[0.428s] -- Installing: /home/owl/ros2/ros2_assign_1/simple-hello-world-node-Kr1shnaS/install/ros2_hello_world/share/ros2_hello_world/package.xml
[0.429s] Invoked command in '/home/owl/ros2/ros2_assign_1/simple-hello-world-node-Kr1shnaS/build/ros2_hello_world' returned '0': CMAKE_PREFIX_PATH=${CMAKE_PREFIX_PATH}:/opt/ros/jazzy DEBUGINFOD_URLS=https://debuginfod.ubuntu.com /usr/bin/cmake --install /home/owl/ros2/ros2_assign_1/simple-hello-world-node-Kr1shnaS/build/ros2_hello_world
