[0.009s] Invoking command in '/home/owl/ros2/ros2_assign_1/simple-hello-world-node-Kr1shnaS/build/ros2_hello_world': CMAKE_PREFIX_PATH=${CMAKE_PREFIX_PATH}:/opt/ros/jazzy DEBUGINFOD_URLS=https://debuginfod.ubuntu.com /usr/bin/cmake /home/owl/ros2/ros2_assign_1/simple-hello-world-node-Kr1shnaS -DCMAKE_INSTALL_PREFIX=/home/owl/ros2/ros2_assign_1/simple-hello-world-node-Kr1shnaS/install/ros2_hello_world
[0.159s] -- The C compiler identification is GNU 13.3.0
[0.250s] -- The CXX compiler identification is GNU 13.3.0
[0.268s] -- Detecting C compiler ABI info
[0.340s] -- Detecting C compiler ABI info - done
[0.345s] -- Check for working C compiler: /usr/bin/cc - skipped
[0.346s] -- Detecting C compile features
[0.346s] -- Detecting C compile features - done
[0.353s] -- Detecting CXX compiler ABI info
[0.418s] -- Detecting CXX compiler ABI info - done
[0.428s] -- Check for working CXX compiler: /usr/bin/c++ - skipped
[0.429s] -- Detecting CXX compile features
[0.429s] -- Detecting CXX compile features - done
[0.435s] -- Found ament_cmake: 2.5.4 (/opt/ros/jazzy/share/ament_cmake/cmake)
[0.519s] -- Found Python3: /usr/bin/python3 (found version "3.12.3") found components: Interpreter 
[0.599s] -- Found rclcpp: 28.1.13 (/opt/ros/jazzy/share/rclcpp/cmake)
[0.634s] -- Found rosidl_generator_c: 4.6.6 (/opt/ros/jazzy/share/rosidl_generator_c/cmake)
[0.644s] -- Found rosidl_generator_cpp: 4.6.6 (/opt/ros/jazzy/share/rosidl_generator_cpp/cmake)
[0.659s] -- Using all available rosidl_typesupport_c: rosidl_typesupport_fastrtps_c;rosidl_typesupport_introspection_c
[0.674s] -- Using all available rosidl_typesupport_cpp: rosidl_typesupport_fastrtps_cpp;rosidl_typesupport_introspection_cpp
[0.738s] -- Found rmw_implementation_cmake: 7.3.2 (/opt/ros/jazzy/share/rmw_implementation_cmake/cmake)
[0.740s] -- Found rmw_fastrtps_cpp: 8.4.3 (/opt/ros/jazzy/share/rmw_fastrtps_cpp/cmake)
[0.805s] -- Found OpenSSL: /usr/lib/x86_64-linux-gnu/libcrypto.so (found version "3.0.13")  
[0.817s] -- Found FastRTPS: /opt/ros/jazzy/include (Required is at least version "2.13") 
[0.832s] -- Using RMW implementation 'rmw_fastrtps_cpp' as default
[0.892s] -- Found ament_lint_auto: 0.17.3 (/opt/ros/jazzy/share/ament_lint_auto/cmake)
[0.963s] -- Added test 'copyright' to check source files copyright and LICENSE
[0.966s] -- Added test 'cppcheck' to perform static code analysis on C / C++ code
[0.966s] -- Configured cppcheck include dirs: 
[0.966s] -- Configured cppcheck exclude dirs and/or files: 
[0.969s] -- Added test 'cpplint' to check C / C++ code against the Google style
[0.969s] -- Configured cpplint exclude dirs and/or files: 
[0.970s] -- Added test 'lint_cmake' to check CMake code style
[0.974s] -- Added test 'uncrustify' to check C / C++ code style
[0.974s] -- Configured uncrustify additional arguments: 
[0.974s] -- Added test 'xmllint' to check XML markup files
[0.975s] -- Configuring done (0.9s)
[0.981s] -- Generating done (0.0s)
[0.983s] -- Build files have been written to: /home/owl/ros2/ros2_assign_1/simple-hello-world-node-Kr1shnaS/build/ros2_hello_world
[0.989s] Invoked command in '/home/owl/ros2/ros2_assign_1/simple-hello-world-node-Kr1shnaS/build/ros2_hello_world' returned '0': CMAKE_PREFIX_PATH=${CMAKE_PREFIX_PATH}:/opt/ros/jazzy DEBUGINFOD_URLS=https://debuginfod.ubuntu.com /usr/bin/cmake /home/owl/ros2/ros2_assign_1/simple-hello-world-node-Kr1shnaS -DCMAKE_INSTALL_PREFIX=/home/owl/ros2/ros2_assign_1/simple-hello-world-node-Kr1shnaS/install/ros2_hello_world
[0.990s] Invoking command in '/home/owl/ros2/ros2_assign_1/simple-hello-world-node-Kr1shnaS/build/ros2_hello_world': CMAKE_PREFIX_PATH=${CMAKE_PREFIX_PATH}:/opt/ros/jazzy DEBUGINFOD_URLS=https://debuginfod.ubuntu.com /usr/bin/cmake --build /home/owl/ros2/ros2_assign_1/simple-hello-world-node-Kr1shnaS/build/ros2_hello_world -- -j12 -l12
[1.025s] [ 50%] [32mBuilding CXX object CMakeFiles/hello_node.dir/src/hello_node.cpp.o[0m
[2.844s] [100%] [32m[1mLinking CXX executable hello_node[0m
[2.963s] [100%] Built target hello_node
[2.972s] Invoked command in '/home/owl/ros2/ros2_assign_1/simple-hello-world-node-Kr1shnaS/build/ros2_hello_world' returned '0': CMAKE_PREFIX_PATH=${CMAKE_PREFIX_PATH}:/opt/ros/jazzy DEBUGINFOD_URLS=https://debuginfod.ubuntu.com /usr/bin/cmake --build /home/owl/ros2/ros2_assign_1/simple-hello-world-node-Kr1shnaS/build/ros2_hello_world -- -j12 -l12
[2.980s] Invoking command in '/home/owl/ros2/ros2_assign_1/simple-hello-world-node-Kr1shnaS/build/ros2_hello_world': CMAKE_PREFIX_PATH=${CMAKE_PREFIX_PATH}:/opt/ros/jazzy DEBUGINFOD_URLS=https://debuginfod.ubuntu.com /usr/bin/cmake --install /home/owl/ros2/ros2_assign_1/simple-hello-world-node-Kr1shnaS/build/ros2_hello_world
[2.985s] -- Install configuration: ""
[2.985s] -- Installing: /home/owl/ros2/ros2_assign_1/simple-hello-world-node-Kr1shnaS/install/ros2_hello_world/lib/ros2_hello_world/hello_node
[2.985s] -- Set non-toolchain portion of runtime path of "/home/owl/ros2/ros2_assign_1/simple-hello-world-node-Kr1shnaS/install/ros2_hello_world/lib/ros2_hello_world/hello_node" to ""
[2.985s] -- Installing: /home/owl/ros2/ros2_assign_1/simple-hello-world-node-Kr1shnaS/install/ros2_hello_world/share/ament_index/resource_index/package_run_dependencies/ros2_hello_world
[2.985s] -- Installing: /home/owl/ros2/ros2_assign_1/simple-hello-world-node-Kr1shnaS/install/ros2_hello_world/share/ament_index/resource_index/parent_prefix_path/ros2_hello_world
[2.986s] -- Installing: /home/owl/ros2/ros2_assign_1/simple-hello-world-node-Kr1shnaS/install/ros2_hello_world/share/ros2_hello_world/environment/ament_prefix_path.sh
[2.986s] -- Installing: /home/owl/ros2/ros2_assign_1/simple-hello-world-node-Kr1shnaS/install/ros2_hello_world/share/ros2_hello_world/environment/ament_prefix_path.dsv
[2.986s] -- Installing: /home/owl/ros2/ros2_assign_1/simple-hello-world-node-Kr1shnaS/install/ros2_hello_world/share/ros2_hello_world/environment/path.sh
[2.986s] -- Installing: /home/owl/ros2/ros2_assign_1/simple-hello-world-node-Kr1shnaS/install/ros2_hello_world/share/ros2_hello_world/environment/path.dsv
[2.986s] -- Installing: /home/owl/ros2/ros2_assign_1/simple-hello-world-node-Kr1shnaS/install/ros2_hello_world/share/ros2_hello_world/local_setup.bash
[2.986s] -- Installing: /home/owl/ros2/ros2_assign_1/simple-hello-world-node-Kr1shnaS/install/ros2_hello_world/share/ros2_hello_world/local_setup.sh
[2.986s] -- Installing: /home/owl/ros2/ros2_assign_1/simple-hello-world-node-Kr1shnaS/install/ros2_hello_world/share/ros2_hello_world/local_setup.zsh
[2.986s] -- Installing: /home/owl/ros2/ros2_assign_1/simple-hello-world-node-Kr1shnaS/install/ros2_hello_world/share/ros2_hello_world/local_setup.dsv
[2.986s] -- Installing: /home/owl/ros2/ros2_assign_1/simple-hello-world-node-Kr1shnaS/install/ros2_hello_world/share/ros2_hello_world/package.dsv
[2.986s] -- Installing: /home/owl/ros2/ros2_assign_1/simple-hello-world-node-Kr1shnaS/install/ros2_hello_world/share/ament_index/resource_index/packages/ros2_hello_world
[2.986s] -- Installing: /home/owl/ros2/ros2_assign_1/simple-hello-world-node-Kr1shnaS/install/ros2_hello_world/share/ros2_hello_world/cmake/ros2_hello_worldConfig.cmake
[2.986s] -- Installing: /home/owl/ros2/ros2_assign_1/simple-hello-world-node-Kr1shnaS/install/ros2_hello_world/share/ros2_hello_world/cmake/ros2_hello_worldConfig-version.cmake
[2.986s] -- Installing: /home/owl/ros2/ros2_assign_1/simple-hello-world-node-Kr1shnaS/install/ros2_hello_world/share/ros2_hello_world/package.xml
[2.987s] Invoked command in '/home/owl/ros2/ros2_assign_1/simple-hello-world-node-Kr1shnaS/build/ros2_hello_world' returned '0': CMAKE_PREFIX_PATH=${CMAKE_PREFIX_PATH}:/opt/ros/jazzy DEBUGINFOD_URLS=https://debuginfod.ubuntu.com /usr/bin/cmake --install /home/owl/ros2/ros2_assign_1/simple-hello-world-node-Kr1shnaS/build/ros2_hello_world
